C:\BLOODFLOWERS\DEVELOPMENT\THREEDIMENSIONALBINPACKING\DEBUG\THREEDIMENSIONALBINPACKING.EXE
C:\BLOODFLOWERS\DEVELOPMENT\THREEDIMENSIONALBINPACKING\DEBUG\THREEDIMENSIONALBINPACKING.ILK
C:\BLOODFLOWERS\DEVELOPMENT\THREEDIMENSIONALBINPACKING\DEBUG\THREEDIMENSIONALBINPACKING.PDB
C:\Bloodflowers\Development\ThreeDimensionalBinPacking\ThreeDimensionalBinPacking\Debug\cl.command.1.tlog
C:\Bloodflowers\Development\ThreeDimensionalBinPacking\ThreeDimensionalBinPacking\Debug\CL.read.1.tlog
C:\Bloodflowers\Development\ThreeDimensionalBinPacking\ThreeDimensionalBinPacking\Debug\CL.write.1.tlog
C:\BLOODFLOWERS\DEVELOPMENT\THREEDIMENSIONALBINPACKING\THREEDIMENSIONALBINPACKING\DEBUG\DATA.OBJ
C:\Bloodflowers\Development\ThreeDimensionalBinPacking\ThreeDimensionalBinPacking\Debug\link.command.1.tlog
C:\Bloodflowers\Development\ThreeDimensionalBinPacking\ThreeDimensionalBinPacking\Debug\link.read.1.tlog
C:\Bloodflowers\Development\ThreeDimensionalBinPacking\ThreeDimensionalBinPacking\Debug\link.write.1.tlog
C:\BLOODFLOWERS\DEVELOPMENT\THREEDIMENSIONALBINPACKING\THREEDIMENSIONALBINPACKING\DEBUG\LOGGER.OBJ
C:\BLOODFLOWERS\DEVELOPMENT\THREEDIMENSIONALBINPACKING\THREEDIMENSIONALBINPACKING\DEBUG\MAIN.OBJ
C:\Bloodflowers\Development\ThreeDimensionalBinPacking\ThreeDimensionalBinPacking\Debug\mt.command.1.tlog
C:\Bloodflowers\Development\ThreeDimensionalBinPacking\ThreeDimensionalBinPacking\Debug\mt.read.1.tlog
C:\Bloodflowers\Development\ThreeDimensionalBinPacking\ThreeDimensionalBinPacking\Debug\mt.write.1.tlog
C:\BLOODFLOWERS\DEVELOPMENT\THREEDIMENSIONALBINPACKING\THREEDIMENSIONALBINPACKING\DEBUG\THREEDIMENSIONALBINPACKING.EXE.INTERMEDIATE.MANIFEST
C:\Bloodflowers\Development\ThreeDimensionalBinPacking\ThreeDimensionalBinPacking\Debug\vc100.idb
C:\BLOODFLOWERS\DEVELOPMENT\THREEDIMENSIONALBINPACKING\THREEDIMENSIONALBINPACKING\DEBUG\VC100.PDB
E:\DEVELOPMENT\THREEDIMENSIONALBINPACKING\DEBUG\THREEDIMENSIONALBINPACKING.EXE
E:\DEVELOPMENT\THREEDIMENSIONALBINPACKING\DEBUG\THREEDIMENSIONALBINPACKING.ILK
E:\DEVELOPMENT\THREEDIMENSIONALBINPACKING\DEBUG\THREEDIMENSIONALBINPACKING.PDB
E:\DEVELOPMENT\THREEDIMENSIONALBINPACKING\THREEDIMENSIONALBINPACKING\DEBUG\DATA.OBJ
E:\DEVELOPMENT\THREEDIMENSIONALBINPACKING\THREEDIMENSIONALBINPACKING\DEBUG\LOGGER.OBJ
E:\DEVELOPMENT\THREEDIMENSIONALBINPACKING\THREEDIMENSIONALBINPACKING\DEBUG\MAIN.OBJ
E:\DEVELOPMENT\THREEDIMENSIONALBINPACKING\THREEDIMENSIONALBINPACKING\DEBUG\THREEDIMENSIONALBINPACKING.EXE.INTERMEDIATE.MANIFEST
E:\DEVELOPMENT\THREEDIMENSIONALBINPACKING\THREEDIMENSIONALBINPACKING\DEBUG\VC100.PDB
I:\DEVELOPMENT\THREEDIMENSIONALBINPACKING\DEBUG\THREEDIMENSIONALBINPACKING.EXE
I:\DEVELOPMENT\THREEDIMENSIONALBINPACKING\DEBUG\THREEDIMENSIONALBINPACKING.ILK
I:\DEVELOPMENT\THREEDIMENSIONALBINPACKING\DEBUG\THREEDIMENSIONALBINPACKING.PDB
I:\DEVELOPMENT\THREEDIMENSIONALBINPACKING\THREEDIMENSIONALBINPACKING\DEBUG\DATA.OBJ
I:\DEVELOPMENT\THREEDIMENSIONALBINPACKING\THREEDIMENSIONALBINPACKING\DEBUG\LOGGER.OBJ
I:\DEVELOPMENT\THREEDIMENSIONALBINPACKING\THREEDIMENSIONALBINPACKING\DEBUG\MAIN.OBJ
I:\DEVELOPMENT\THREEDIMENSIONALBINPACKING\THREEDIMENSIONALBINPACKING\DEBUG\THREEDIMENSIONALBINPACKING.EXE.INTERMEDIATE.MANIFEST
I:\DEVELOPMENT\THREEDIMENSIONALBINPACKING\THREEDIMENSIONALBINPACKING\DEBUG\VC100.PDB
