Build started 30.05.2012 17:39:06.
     1>Project "C:\Bloodflowers\Development\ThreeDimensionalBinPacking\ThreeDimensionalBinPacking\ThreeDimensionalBinPacking.vcxproj" on node 2 (rebuild target(s)).
     1>_PrepareForClean:
         Deleting file "Debug\ThreeDimensionalBinPacking.lastbuildstate".
       InitializeBuildStatus:
         Creating "Debug\ThreeDimensionalBinPacking.unsuccessfulbuild" because "AlwaysCreate" was specified.
       ClCompile:
         C:\Program Files\Microsoft Visual Studio 10.0\VC\bin\CL.exe /c /ZI /nologo /W3 /WX- /Od /Oy- /D _MBCS /Gm /EHsc /RTC1 /MDd /GS /fp:precise /Zc:wchar_t /Zc:forScope /Fo"Debug\\" /Fd"Debug\vc100.pdb" /Gd /TP /analyze- /errorReport:prompt Data.cpp Logger.cpp main.cpp
         main.cpp
         Logger.cpp
         Data.cpp
         Generating Code...
       Link:
         C:\Program Files\Microsoft Visual Studio 10.0\VC\bin\link.exe /ERRORREPORT:PROMPT /OUT:"C:\Bloodflowers\Development\ThreeDimensionalBinPacking\Debug\ThreeDimensionalBinPacking.exe" /NOLOGO kernel32.lib user32.lib gdi32.lib winspool.lib comdlg32.lib advapi32.lib shell32.lib ole32.lib oleaut32.lib uuid.lib odbc32.lib odbccp32.lib /MANIFEST /ManifestFile:"Debug\ThreeDimensionalBinPacking.exe.intermediate.manifest" /MANIFESTUAC:"level='asInvoker' uiAccess='false'" /DEBUG /PDB:"C:\Bloodflowers\Development\ThreeDimensionalBinPacking\Debug\ThreeDimensionalBinPacking.pdb" /TLBID:1 /DYNAMICBASE /NXCOMPAT /IMPLIB:"C:\Bloodflowers\Development\ThreeDimensionalBinPacking\Debug\ThreeDimensionalBinPacking.lib" /MACHINE:X86 Debug\Data.obj
         Debug\Logger.obj
         Debug\main.obj
         ThreeDimensionalBinPacking.vcxproj -> C:\Bloodflowers\Development\ThreeDimensionalBinPacking\Debug\ThreeDimensionalBinPacking.exe
       Manifest:
         C:\Program Files\Microsoft SDKs\Windows\v7.0A\bin\mt.exe /nologo /verbose /outputresource:"C:\Bloodflowers\Development\ThreeDimensionalBinPacking\Debug\ThreeDimensionalBinPacking.exe;#1" /manifest Debug\ThreeDimensionalBinPacking.exe.intermediate.manifest
       FinalizeBuildStatus:
         Deleting file "Debug\ThreeDimensionalBinPacking.unsuccessfulbuild".
         Touching "Debug\ThreeDimensionalBinPacking.lastbuildstate".
     1>Done Building Project "C:\Bloodflowers\Development\ThreeDimensionalBinPacking\ThreeDimensionalBinPacking\ThreeDimensionalBinPacking.vcxproj" (rebuild target(s)).

Build succeeded.

Time Elapsed 00:00:03.54
